Performing C SOURCE FILE Test CMAKE_HAVE_LIBC_PTHREAD failed with the following output:
Change Dir: /home/jonathan/Desktop/uav_sim/build/CMakeFiles/CMakeTmp

Run Build Command(s):/usr/bin/make cmTC_a059d/fast && /usr/bin/make -f CMakeFiles/cmTC_a059d.dir/build.make CMakeFiles/cmTC_a059d.dir/build
make[1]: Entering directory '/home/jonathan/Desktop/uav_sim/build/CMakeFiles/CMakeTmp'
Building C object CMakeFiles/cmTC_a059d.dir/src.c.o
/bin/x86_64-linux-gnu-gcc-9   -DCMAKE_HAVE_LIBC_PTHREAD   -o CMakeFiles/cmTC_a059d.dir/src.c.o   -c /home/jonathan/Desktop/uav_sim/build/CMakeFiles/CMakeTmp/src.c
Linking C executable cmTC_a059d
/usr/bin/cmake -E cmake_link_script CMakeFiles/cmTC_a059d.dir/link.txt --verbose=1
/bin/x86_64-linux-gnu-gcc-9  -DCMAKE_HAVE_LIBC_PTHREAD    CMakeFiles/cmTC_a059d.dir/src.c.o  -o cmTC_a059d 
/usr/bin/ld: CMakeFiles/cmTC_a059d.dir/src.c.o: in function `main':
src.c:(.text+0x46): undefined reference to `pthread_create'
/usr/bin/ld: src.c:(.text+0x52): undefined reference to `pthread_detach'
/usr/bin/ld: src.c:(.text+0x63): undefined reference to `pthread_join'
collect2: error: ld returned 1 exit status
make[1]: *** [CMakeFiles/cmTC_a059d.dir/build.make:87: cmTC_a059d] Error 1
make[1]: Leaving directory '/home/jonathan/Desktop/uav_sim/build/CMakeFiles/CMakeTmp'
make: *** [Makefile:121: cmTC_a059d/fast] Error 2


Source file was:
#include <pthread.h>

void* test_func(void* data)
{
  return data;
}

int main(void)
{
  pthread_t thread;
  pthread_create(&thread, NULL, test_func, NULL);
  pthread_detach(thread);
  pthread_join(thread, NULL);
  pthread_atfork(NULL, NULL, NULL);
  pthread_exit(NULL);

  return 0;
}

Determining if the function pthread_create exists in the pthreads failed with the following output:
Change Dir: /home/jonathan/Desktop/uav_sim/build/CMakeFiles/CMakeTmp

Run Build Command(s):/usr/bin/make cmTC_d1696/fast && /usr/bin/make -f CMakeFiles/cmTC_d1696.dir/build.make CMakeFiles/cmTC_d1696.dir/build
make[1]: Entering directory '/home/jonathan/Desktop/uav_sim/build/CMakeFiles/CMakeTmp'
Building C object CMakeFiles/cmTC_d1696.dir/CheckFunctionExists.c.o
/bin/x86_64-linux-gnu-gcc-9   -DCHECK_FUNCTION_EXISTS=pthread_create   -o CMakeFiles/cmTC_d1696.dir/CheckFunctionExists.c.o   -c /usr/share/cmake-3.16/Modules/CheckFunctionExists.c
Linking C executable cmTC_d1696
/usr/bin/cmake -E cmake_link_script CMakeFiles/cmTC_d1696.dir/link.txt --verbose=1
/bin/x86_64-linux-gnu-gcc-9  -DCHECK_FUNCTION_EXISTS=pthread_create    CMakeFiles/cmTC_d1696.dir/CheckFunctionExists.c.o  -o cmTC_d1696  -lpthreads 
/usr/bin/ld: cannot find -lpthreads
collect2: error: ld returned 1 exit status
make[1]: *** [CMakeFiles/cmTC_d1696.dir/build.make:87: cmTC_d1696] Error 1
make[1]: Leaving directory '/home/jonathan/Desktop/uav_sim/build/CMakeFiles/CMakeTmp'
make: *** [Makefile:121: cmTC_d1696/fast] Error 2



Performing C SOURCE FILE Test CMAKE_HAVE_LIBC_PTHREAD failed with the following output:
Change Dir: /home/jonathan/Desktop/uav_sim/build/CMakeFiles/CMakeTmp

Run Build Command(s):/usr/bin/make cmTC_9cf38/fast && /usr/bin/make -f CMakeFiles/cmTC_9cf38.dir/build.make CMakeFiles/cmTC_9cf38.dir/build
make[1]: Entering directory '/home/jonathan/Desktop/uav_sim/build/CMakeFiles/CMakeTmp'
Building C object CMakeFiles/cmTC_9cf38.dir/src.c.o
/bin/x86_64-linux-gnu-gcc-9   -DCMAKE_HAVE_LIBC_PTHREAD   -o CMakeFiles/cmTC_9cf38.dir/src.c.o   -c /home/jonathan/Desktop/uav_sim/build/CMakeFiles/CMakeTmp/src.c
Linking C executable cmTC_9cf38
/usr/bin/cmake -E cmake_link_script CMakeFiles/cmTC_9cf38.dir/link.txt --verbose=1
/bin/x86_64-linux-gnu-gcc-9  -DCMAKE_HAVE_LIBC_PTHREAD    CMakeFiles/cmTC_9cf38.dir/src.c.o  -o cmTC_9cf38 
/usr/bin/ld: CMakeFiles/cmTC_9cf38.dir/src.c.o: in function `main':
src.c:(.text+0x46): undefined reference to `pthread_create'
/usr/bin/ld: src.c:(.text+0x52): undefined reference to `pthread_detach'
/usr/bin/ld: src.c:(.text+0x63): undefined reference to `pthread_join'
collect2: error: ld returned 1 exit status
make[1]: *** [CMakeFiles/cmTC_9cf38.dir/build.make:87: cmTC_9cf38] Error 1
make[1]: Leaving directory '/home/jonathan/Desktop/uav_sim/build/CMakeFiles/CMakeTmp'
make: *** [Makefile:121: cmTC_9cf38/fast] Error 2


Source file was:
#include <pthread.h>

void* test_func(void* data)
{
  return data;
}

int main(void)
{
  pthread_t thread;
  pthread_create(&thread, NULL, test_func, NULL);
  pthread_detach(thread);
  pthread_join(thread, NULL);
  pthread_atfork(NULL, NULL, NULL);
  pthread_exit(NULL);

  return 0;
}

Determining if the function pthread_create exists in the pthreads failed with the following output:
Change Dir: /home/jonathan/Desktop/uav_sim/build/CMakeFiles/CMakeTmp

Run Build Command(s):/usr/bin/make cmTC_564a2/fast && /usr/bin/make -f CMakeFiles/cmTC_564a2.dir/build.make CMakeFiles/cmTC_564a2.dir/build
make[1]: Entering directory '/home/jonathan/Desktop/uav_sim/build/CMakeFiles/CMakeTmp'
Building C object CMakeFiles/cmTC_564a2.dir/CheckFunctionExists.c.o
/bin/x86_64-linux-gnu-gcc-9   -DCHECK_FUNCTION_EXISTS=pthread_create   -o CMakeFiles/cmTC_564a2.dir/CheckFunctionExists.c.o   -c /usr/share/cmake-3.16/Modules/CheckFunctionExists.c
Linking C executable cmTC_564a2
/usr/bin/cmake -E cmake_link_script CMakeFiles/cmTC_564a2.dir/link.txt --verbose=1
/bin/x86_64-linux-gnu-gcc-9  -DCHECK_FUNCTION_EXISTS=pthread_create    CMakeFiles/cmTC_564a2.dir/CheckFunctionExists.c.o  -o cmTC_564a2  -lpthreads 
/usr/bin/ld: cannot find -lpthreads
collect2: error: ld returned 1 exit status
make[1]: *** [CMakeFiles/cmTC_564a2.dir/build.make:87: cmTC_564a2] Error 1
make[1]: Leaving directory '/home/jonathan/Desktop/uav_sim/build/CMakeFiles/CMakeTmp'
make: *** [Makefile:121: cmTC_564a2/fast] Error 2



Performing C SOURCE FILE Test CMAKE_HAVE_LIBC_PTHREAD failed with the following output:
Change Dir: /home/jonathan/Desktop/5G_uav_sim/build/CMakeFiles/CMakeTmp

Run Build Command(s):/usr/bin/make cmTC_7ee1f/fast && make[1]: Entering directory '/home/jonathan/Desktop/5G_uav_sim/build/CMakeFiles/CMakeTmp'
/usr/bin/make -f CMakeFiles/cmTC_7ee1f.dir/build.make CMakeFiles/cmTC_7ee1f.dir/build
make[2]: Entering directory '/home/jonathan/Desktop/5G_uav_sim/build/CMakeFiles/CMakeTmp'
Building C object CMakeFiles/cmTC_7ee1f.dir/src.c.o
/usr/bin/cc   -DCMAKE_HAVE_LIBC_PTHREAD   -o CMakeFiles/cmTC_7ee1f.dir/src.c.o   -c /home/jonathan/Desktop/5G_uav_sim/build/CMakeFiles/CMakeTmp/src.c
Linking C executable cmTC_7ee1f
/usr/bin/cmake -E cmake_link_script CMakeFiles/cmTC_7ee1f.dir/link.txt --verbose=1
/usr/bin/cc  -DCMAKE_HAVE_LIBC_PTHREAD    CMakeFiles/cmTC_7ee1f.dir/src.c.o  -o cmTC_7ee1f 
/usr/bin/ld: CMakeFiles/cmTC_7ee1f.dir/src.c.o: in function `main':
src.c:(.text+0x46): undefined reference to `pthread_create'
/usr/bin/ld: src.c:(.text+0x52): undefined reference to `pthread_detach'
/usr/bin/ld: src.c:(.text+0x63): undefined reference to `pthread_join'
collect2: error: ld returned 1 exit status
make[2]: *** [CMakeFiles/cmTC_7ee1f.dir/build.make:87: cmTC_7ee1f] Error 1
make[2]: Leaving directory '/home/jonathan/Desktop/5G_uav_sim/build/CMakeFiles/CMakeTmp'
make[1]: *** [Makefile:121: cmTC_7ee1f/fast] Error 2
make[1]: Leaving directory '/home/jonathan/Desktop/5G_uav_sim/build/CMakeFiles/CMakeTmp'


Source file was:
#include <pthread.h>

void* test_func(void* data)
{
  return data;
}

int main(void)
{
  pthread_t thread;
  pthread_create(&thread, NULL, test_func, NULL);
  pthread_detach(thread);
  pthread_join(thread, NULL);
  pthread_atfork(NULL, NULL, NULL);
  pthread_exit(NULL);

  return 0;
}

Determining if the function pthread_create exists in the pthreads failed with the following output:
Change Dir: /home/jonathan/Desktop/5G_uav_sim/build/CMakeFiles/CMakeTmp

Run Build Command(s):/usr/bin/make cmTC_2d000/fast && make[1]: Entering directory '/home/jonathan/Desktop/5G_uav_sim/build/CMakeFiles/CMakeTmp'
/usr/bin/make -f CMakeFiles/cmTC_2d000.dir/build.make CMakeFiles/cmTC_2d000.dir/build
make[2]: Entering directory '/home/jonathan/Desktop/5G_uav_sim/build/CMakeFiles/CMakeTmp'
Building C object CMakeFiles/cmTC_2d000.dir/CheckFunctionExists.c.o
/usr/bin/cc   -DCHECK_FUNCTION_EXISTS=pthread_create   -o CMakeFiles/cmTC_2d000.dir/CheckFunctionExists.c.o   -c /usr/share/cmake-3.16/Modules/CheckFunctionExists.c
Linking C executable cmTC_2d000
/usr/bin/cmake -E cmake_link_script CMakeFiles/cmTC_2d000.dir/link.txt --verbose=1
/usr/bin/cc  -DCHECK_FUNCTION_EXISTS=pthread_create    CMakeFiles/cmTC_2d000.dir/CheckFunctionExists.c.o  -o cmTC_2d000  -lpthreads 
/usr/bin/ld: cannot find -lpthreads
collect2: error: ld returned 1 exit status
make[2]: *** [CMakeFiles/cmTC_2d000.dir/build.make:87: cmTC_2d000] Error 1
make[2]: Leaving directory '/home/jonathan/Desktop/5G_uav_sim/build/CMakeFiles/CMakeTmp'
make[1]: *** [Makefile:121: cmTC_2d000/fast] Error 2
make[1]: Leaving directory '/home/jonathan/Desktop/5G_uav_sim/build/CMakeFiles/CMakeTmp'



